<?xml version="1.0" encoding="UTF-8"?>
<!-- Generated by org.testng.reporters.JUnitReportReporter -->
<testsuite skipped="0" hostname="Usha-QA" name="test.NewTest" tests="1" failures="0" timestamp="11 Apr 2018 12:03:10 GMT" time="4.931" errors="0">
  <testcase name="assertBrowserTitle" time="4.931" classname="test.NewTest"/>
</testsuite> <!-- test.NewTest -->
